<?xml version="1.0" encoding="UTF-8"?>
<!-- Generated by org.testng.reporters.JUnitReportReporter -->
<testsuite skipped="0" hostname="ndi-mb-186" name="com.qa.opencart.tests.LoginPageTest" tests="4" failures="0" timestamp="25 Mar 2022 13:00:35 GMT" time="2.796" errors="0">
  <testcase name="forgotPwdLinkTest" time="0.050" classname="com.qa.opencart.tests.LoginPageTest"/>
  <testcase name="loginTest" time="2.601" classname="com.qa.opencart.tests.LoginPageTest"/>
  <testcase name="loginPageFooterLinksTest" time="0.141" classname="com.qa.opencart.tests.LoginPageTest"/>
  <testcase name="loginPageTitleTest" time="0.004" classname="com.qa.opencart.tests.LoginPageTest"/>
</testsuite> <!-- com.qa.opencart.tests.LoginPageTest -->
